<?xml version="1.0" encoding="UTF-8"?>
<testsuite xmlns:xsi="http://www.w3.org/2001/XMLSchema-instance" xsi:noNamespaceSchemaLocation="https://maven.apache.org/surefire/maven-surefire-plugin/xsd/surefire-test-report.xsd" name="org.example.JDBCTest" time="0" tests="1" errors="1" skipped="0" failures="0">
  <properties>
[...]
</properties>
  <testcase name="test" classname="org.example.JDBCTest" time="0">
    <error type="java.lang.NullPointerException">java.lang.NullPointerException
	at org.example.JDBCTest.test(JDBCTest.java:14)
</error>
  </testcase>
</testsuite>